{"/Users/gfrigerio/base/codeowners-generator/src/commands/generate.ts": {"path":"/Users/gfrigerio/base/codeowners-generator/src/commands/generate.ts","statementMap":{"0":{"start":{"line":1,"column":0},"end":{"line":1,"column":33}},"1":{"start":{"line":2,"column":0},"end":{"line":2,"column":20}},"2":{"start":{"line":3,"column":0},"end":{"line":3,"column":43}},"3":{"start":{"line":4,"column":0},"end":{"line":4,"column":70}},"4":{"start":{"line":5,"column":0},"end":{"line":5,"column":107}},"5":{"start":{"line":6,"column":0},"end":{"line":6,"column":22}},"6":{"start":{"line":7,"column":0},"end":{"line":7,"column":33}},"7":{"start":{"line":8,"column":0},"end":{"line":8,"column":37}},"8":{"start":{"line":13,"column":17},"end":{"line":13,"column":39}},"9":{"start":{"line":21,"column":36},"end":{"line":29,"column":1}},"10":{"start":{"line":22,"column":16},"end":{"line":22,"column":33}},"11":{"start":{"line":23,"column":28},"end":{"line":23,"column":33}},"12":{"start":{"line":25,"column":2},"end":{"line":28,"column":4}},"13":{"start":{"line":30,"column":23},"end":{"line":37,"column":1}},"14":{"start":{"line":31,"column":18},"end":{"line":31,"column":46}},"15":{"start":{"line":34,"column":24},"end":{"line":34,"column":79}},"16":{"start":{"line":34,"column":49},"end":{"line":34,"column":78}},"17":{"start":{"line":36,"column":2},"end":{"line":36,"column":101}},"18":{"start":{"line":36,"column":37},"end":{"line":36,"column":99}},"19":{"start":{"line":39,"column":27},"end":{"line":49,"column":1}},"20":{"start":{"line":40,"column":21},"end":{"line":46,"column":5}},"21":{"start":{"line":41,"column":23},"end":{"line":41,"column":47}},"22":{"start":{"line":43,"column":20},"end":{"line":43,"column":41}},"23":{"start":{"line":45,"column":4},"end":{"line":45,"column":72}},"24":{"start":{"line":48,"column":2},"end":{"line":48,"column":69}},"25":{"start":{"line":48,"column":44},"end":{"line":48,"column":63}},"26":{"start":{"line":51,"column":13},"end":{"line":68,"column":2}},"27":{"start":{"line":53,"column":16},"end":{"line":56,"column":4}},"28":{"start":{"line":58,"column":2},"end":{"line":67,"column":null}},"29":{"start":{"line":60,"column":23},"end":{"line":60,"column":63}},"30":{"start":{"line":63,"column":4},"end":{"line":63,"column":22}},"31":{"start":{"line":66,"column":4},"end":{"line":66,"column":14}},"32":{"start":{"line":70,"column":25},"end":{"line":78,"column":1}},"33":{"start":{"line":71,"column":18},"end":{"line":74,"column":null}},"34":{"start":{"line":71,"column":43},"end":{"line":74,"column":null}},"35":{"start":{"line":77,"column":2},"end":{"line":77,"column":82}},"36":{"start":{"line":85,"column":13},"end":{"line":113,"column":null}},"37":{"start":{"line":87,"column":24},"end":{"line":87,"column":55}},"38":{"start":{"line":89,"column":50},"end":{"line":89,"column":57}},"39":{"start":{"line":91,"column":17},"end":{"line":91,"column":56}},"40":{"start":{"line":93,"column":2},"end":{"line":111,"column":4}},"41":{"start":{"line":95,"column":23},"end":{"line":95,"column":108}},"42":{"start":{"line":97,"column":23},"end":{"line":97,"column":59}},"43":{"start":{"line":99,"column":21},"end":{"line":99,"column":87}},"44":{"start":{"line":100,"column":4},"end":{"line":107,"column":null}},"45":{"start":{"line":102,"column":6},"end":{"line":102,"column":47}},"46":{"start":{"line":104,"column":6},"end":{"line":104,"column":118}},"47":{"start":{"line":106,"column":6},"end":{"line":106,"column":124}},"48":{"start":{"line":110,"column":4},"end":{"line":110,"column":49}}},"fnMap":{"0":{"name":"(anonymous_0)","decl":{"start":{"line":21,"column":36},"end":{"line":21,"column":37}},"loc":{"start":{"line":21,"column":71},"end":{"line":29,"column":1}}},"1":{"name":"(anonymous_1)","decl":{"start":{"line":30,"column":23},"end":{"line":30,"column":24}},"loc":{"start":{"line":30,"column":83},"end":{"line":37,"column":1}}},"2":{"name":"(anonymous_2)","decl":{"start":{"line":34,"column":39},"end":{"line":34,"column":40}},"loc":{"start":{"line":34,"column":49},"end":{"line":34,"column":78}}},"3":{"name":"(anonymous_3)","decl":{"start":{"line":36,"column":27},"end":{"line":36,"column":28}},"loc":{"start":{"line":36,"column":37},"end":{"line":36,"column":99}}},"4":{"name":"(anonymous_4)","decl":{"start":{"line":39,"column":27},"end":{"line":39,"column":32}},"loc":{"start":{"line":39,"column":92},"end":{"line":49,"column":1}}},"5":{"name":"(anonymous_5)","decl":{"start":{"line":40,"column":49},"end":{"line":40,"column":54}},"loc":{"start":{"line":40,"column":68},"end":{"line":46,"column":3}}},"6":{"name":"(anonymous_6)","decl":{"start":{"line":48,"column":27},"end":{"line":48,"column":28}},"loc":{"start":{"line":48,"column":44},"end":{"line":48,"column":63}}},"7":{"name":"(anonymous_7)","decl":{"start":{"line":51,"column":34},"end":{"line":51,"column":39}},"loc":{"start":{"line":51,"column":77},"end":{"line":68,"column":1}}},"8":{"name":"(anonymous_8)","decl":{"start":{"line":70,"column":25},"end":{"line":70,"column":26}},"loc":{"start":{"line":70,"column":79},"end":{"line":78,"column":1}}},"9":{"name":"(anonymous_9)","decl":{"start":{"line":71,"column":33},"end":{"line":71,"column":34}},"loc":{"start":{"line":71,"column":43},"end":{"line":74,"column":null}}},"10":{"name":"(anonymous_10)","decl":{"start":{"line":85,"column":23},"end":{"line":85,"column":28}},"loc":{"start":{"line":85,"column":73},"end":{"line":113,"column":1}}}},"branchMap":{"0":{"loc":{"start":{"line":34,"column":49},"end":{"line":34,"column":53}},"type":"binary-expr","locations":[{"start":{"line":34,"column":49},"end":{"line":34,"column":53}},{"start":{"line":34,"column":57},"end":{"line":34,"column":78}}]},"1":{"loc":{"start":{"line":51,"column":63},"end":{"line":51,"column":71}},"type":"default-arg","locations":[{"start":{"line":51,"column":63},"end":{"line":51,"column":71}}]},"2":{"loc":{"start":{"line":58,"column":2},"end":{"line":67,"column":null}},"type":"if","locations":[{"start":{"line":58,"column":2},"end":{"line":67,"column":null}},{"start":{"line":58,"column":2},"end":{"line":67,"column":null}}]},"3":{"loc":{"start":{"line":97,"column":23},"end":{"line":97,"column":29}},"type":"binary-expr","locations":[{"start":{"line":97,"column":23},"end":{"line":97,"column":29}},{"start":{"line":97,"column":33},"end":{"line":97,"column":59}}]},"4":{"loc":{"start":{"line":99,"column":54},"end":{"line":99,"column":76}},"type":"cond-expr","locations":[{"start":{"line":99,"column":54},"end":{"line":99,"column":76}},{"start":{"line":99,"column":79},"end":{"line":99,"column":87}}]},"5":{"loc":{"start":{"line":99,"column":43},"end":{"line":99,"column":45}},"type":"cond-expr","locations":[{"start":{"line":99,"column":43},"end":{"line":99,"column":45}},{"start":{"line":99,"column":43},"end":{"line":99,"column":51}}]},"6":{"loc":{"start":{"line":99,"column":21},"end":{"line":99,"column":45}},"type":"binary-expr","locations":[{"start":{"line":99,"column":21},"end":{"line":99,"column":45}},{"start":{"line":99,"column":43},"end":{"line":99,"column":45}}]},"7":{"loc":{"start":{"line":100,"column":4},"end":{"line":107,"column":null}},"type":"if","locations":[{"start":{"line":100,"column":4},"end":{"line":107,"column":null}},{"start":{"line":100,"column":4},"end":{"line":107,"column":null}}]}},"s":{"0":1,"1":1,"2":1,"3":1,"4":1,"5":1,"6":1,"7":1,"8":1,"9":1,"10":10,"11":10,"12":10,"13":1,"14":6,"15":6,"16":24,"17":6,"18":10,"19":1,"20":2,"21":6,"22":6,"23":6,"24":2,"25":6,"26":1,"27":3,"28":3,"29":2,"30":2,"31":1,"32":1,"33":1,"34":5,"35":1,"36":1,"37":2,"38":2,"39":2,"40":2,"41":2,"42":2,"43":2,"44":2,"45":1,"46":1,"47":1,"48":0},"f":{"0":10,"1":6,"2":24,"3":10,"4":2,"5":6,"6":6,"7":3,"8":1,"9":5,"10":2},"b":{"0":[24,18],"1":[1],"2":[2,1],"3":[2,0],"4":[0,2],"5":[0,2],"6":[2,2],"7":[1,1]}}
,"/Users/gfrigerio/base/codeowners-generator/src/commands/index.ts": {"path":"/Users/gfrigerio/base/codeowners-generator/src/commands/index.ts","statementMap":{"0":{"start":{"line":1,"column":0},"end":{"line":1,"column":9}},"1":{"start":{"line":1,"column":9},"end":{"line":1,"column":35}}},"fnMap":{"0":{"name":"(anonymous_0)","decl":{"start":{"line":1,"column":9},"end":{"line":1,"column":16}},"loc":{"start":{"line":1,"column":9},"end":{"line":1,"column":35}}}},"branchMap":{},"s":{"0":0,"1":0},"f":{"0":0},"b":{}}
,"/Users/gfrigerio/base/codeowners-generator/src/utils/constants.ts": {"path":"/Users/gfrigerio/base/codeowners-generator/src/utils/constants.ts","statementMap":{"0":{"start":{"line":1,"column":13},"end":{"line":1,"column":35}},"1":{"start":{"line":2,"column":13},"end":{"line":2,"column":41}},"2":{"start":{"line":3,"column":13},"end":{"line":3,"column":35}},"3":{"start":{"line":5,"column":13},"end":{"line":5,"column":null}},"4":{"start":{"line":7,"column":13},"end":{"line":11,"column":null}}},"fnMap":{},"branchMap":{},"s":{"0":1,"1":1,"2":1,"3":1,"4":1},"f":{},"b":{}}
,"/Users/gfrigerio/base/codeowners-generator/src/utils/getCustomConfiguration.ts": {"path":"/Users/gfrigerio/base/codeowners-generator/src/utils/getCustomConfiguration.ts","statementMap":{"0":{"start":{"line":1,"column":0},"end":{"line":1,"column":42}},"1":{"start":{"line":2,"column":0},"end":{"line":2,"column":45}},"2":{"start":{"line":3,"column":0},"end":{"line":3,"column":22}},"3":{"start":{"line":5,"column":0},"end":{"line":5,"column":45}},"4":{"start":{"line":9,"column":13},"end":{"line":25,"column":null}},"5":{"start":{"line":10,"column":17},"end":{"line":10,"column":63}},"6":{"start":{"line":12,"column":2},"end":{"line":24,"column":null}},"7":{"start":{"line":13,"column":21},"end":{"line":13,"column":50}},"8":{"start":{"line":14,"column":19},"end":{"line":14,"column":42}},"9":{"start":{"line":15,"column":4},"end":{"line":21,"column":null}},"10":{"start":{"line":16,"column":6},"end":{"line":16,"column":114}},"11":{"start":{"line":17,"column":6},"end":{"line":17,"column":27}},"12":{"start":{"line":19,"column":6},"end":{"line":19,"column":95}},"13":{"start":{"line":20,"column":6},"end":{"line":20,"column":16}},"14":{"start":{"line":23,"column":4},"end":{"line":23,"column":107}}},"fnMap":{"0":{"name":"(anonymous_0)","decl":{"start":{"line":9,"column":38},"end":{"line":9,"column":43}},"loc":{"start":{"line":9,"column":79},"end":{"line":25,"column":1}}}},"branchMap":{"0":{"loc":{"start":{"line":15,"column":4},"end":{"line":21,"column":null}},"type":"if","locations":[{"start":{"line":15,"column":4},"end":{"line":21,"column":null}},{"start":{"line":15,"column":4},"end":{"line":21,"column":null}}]},"1":{"loc":{"start":{"line":15,"column":8},"end":{"line":15,"column":22}},"type":"binary-expr","locations":[{"start":{"line":15,"column":8},"end":{"line":15,"column":22}},{"start":{"line":15,"column":26},"end":{"line":15,"column":59}}]},"2":{"loc":{"start":{"line":15,"column":14},"end":{"line":15,"column":16}},"type":"cond-expr","locations":[{"start":{"line":15,"column":14},"end":{"line":15,"column":16}},{"start":{"line":15,"column":8},"end":{"line":15,"column":22}}]},"3":{"loc":{"start":{"line":15,"column":8},"end":{"line":15,"column":16}},"type":"binary-expr","locations":[{"start":{"line":15,"column":8},"end":{"line":15,"column":16}},{"start":{"line":15,"column":8},"end":{"line":15,"column":16}}]}},"s":{"0":1,"1":1,"2":1,"3":1,"4":1,"5":2,"6":2,"7":2,"8":2,"9":2,"10":0,"11":0,"12":2,"13":2,"14":0},"f":{"0":2},"b":{"0":[0,2],"1":[2,0],"2":[2,0],"3":[2,2]}}
,"/Users/gfrigerio/base/codeowners-generator/src/utils/getGlobalOptions.ts": {"path":"/Users/gfrigerio/base/codeowners-generator/src/utils/getGlobalOptions.ts","statementMap":{"0":{"start":{"line":1,"column":0},"end":{"line":1,"column":66}},"1":{"start":{"line":6,"column":18},"end":{"line":6,"column":103}},"2":{"start":{"line":6,"column":39},"end":{"line":6,"column":102}},"3":{"start":{"line":8,"column":30},"end":{"line":20,"column":1}},"4":{"start":{"line":16,"column":6},"end":{"line":16,"column":13}},"5":{"start":{"line":19,"column":2},"end":{"line":19,"column":56}},"6":{"start":{"line":22,"column":13},"end":{"line":30,"column":null}},"7":{"start":{"line":24,"column":18},"end":{"line":24,"column":48}},"8":{"start":{"line":26,"column":2},"end":{"line":26,"column":null}},"9":{"start":{"line":27,"column":30},"end":{"line":27,"column":60}},"10":{"start":{"line":29,"column":2},"end":{"line":29,"column":48}}},"fnMap":{"0":{"name":"(anonymous_0)","decl":{"start":{"line":6,"column":18},"end":{"line":6,"column":19}},"loc":{"start":{"line":6,"column":39},"end":{"line":6,"column":102}}},"1":{"name":"(anonymous_1)","decl":{"start":{"line":8,"column":30},"end":{"line":8,"column":31}},"loc":{"start":{"line":8,"column":75},"end":{"line":20,"column":1}}},"2":{"name":"(anonymous_2)","decl":{"start":{"line":22,"column":32},"end":{"line":22,"column":37}},"loc":{"start":{"line":22,"column":83},"end":{"line":30,"column":1}}}},"branchMap":{"0":{"loc":{"start":{"line":6,"column":71},"end":{"line":6,"column":76}},"type":"cond-expr","locations":[{"start":{"line":6,"column":71},"end":{"line":6,"column":76}},{"start":{"line":6,"column":79},"end":{"line":6,"column":102}}]},"1":{"loc":{"start":{"line":6,"column":39},"end":{"line":6,"column":44}},"type":"binary-expr","locations":[{"start":{"line":6,"column":39},"end":{"line":6,"column":44}},{"start":{"line":6,"column":48},"end":{"line":6,"column":68}}]},"2":{"loc":{"start":{"line":13,"column":16},"end":{"line":13,"column":21}},"type":"default-arg","locations":[{"start":{"line":13,"column":16},"end":{"line":13,"column":21}}]},"3":{"loc":{"start":{"line":14,"column":11},"end":{"line":14,"column":16}},"type":"default-arg","locations":[{"start":{"line":14,"column":11},"end":{"line":14,"column":16}}]}},"s":{"0":1,"1":1,"2":2,"3":1,"4":2,"5":2,"6":1,"7":2,"8":2,"9":2,"10":2},"f":{"0":2,"1":2,"2":2},"b":{"0":[0,2],"1":[2,0],"2":[2],"3":[2]}}
}
