TN:
SF:src/commands/generate.ts
FN:21,(anonymous_0)
FN:30,(anonymous_1)
FN:34,(anonymous_2)
FN:36,(anonymous_3)
FN:39,(anonymous_4)
FN:40,(anonymous_5)
FN:48,(anonymous_6)
FN:51,(anonymous_7)
FN:70,(anonymous_8)
FN:71,(anonymous_9)
FN:85,(anonymous_10)
FNF:11
FNH:11
FNDA:10,(anonymous_0)
FNDA:6,(anonymous_1)
FNDA:24,(anonymous_2)
FNDA:10,(anonymous_3)
FNDA:2,(anonymous_4)
FNDA:6,(anonymous_5)
FNDA:6,(anonymous_6)
FNDA:3,(anonymous_7)
FNDA:1,(anonymous_8)
FNDA:5,(anonymous_9)
FNDA:2,(anonymous_10)
DA:1,1
DA:2,1
DA:3,1
DA:4,1
DA:5,1
DA:6,1
DA:7,1
DA:8,1
DA:13,1
DA:21,1
DA:22,10
DA:23,10
DA:25,10
DA:30,1
DA:31,6
DA:34,24
DA:36,10
DA:39,1
DA:40,2
DA:41,6
DA:43,6
DA:45,6
DA:48,6
DA:51,1
DA:53,3
DA:58,3
DA:60,2
DA:63,2
DA:66,1
DA:70,1
DA:71,5
DA:77,1
DA:85,1
DA:87,2
DA:89,2
DA:91,2
DA:93,2
DA:95,2
DA:97,2
DA:99,2
DA:100,2
DA:102,1
DA:104,1
DA:106,1
DA:110,0
LF:45
LH:44
BRDA:34,0,0,24
BRDA:34,0,1,18
BRDA:51,1,0,1
BRDA:58,2,0,2
BRDA:58,2,1,1
BRDA:97,3,0,2
BRDA:97,3,1,0
BRDA:99,4,0,0
BRDA:99,4,1,2
BRDA:99,5,0,0
BRDA:99,5,1,2
BRDA:99,6,0,2
BRDA:99,6,1,2
BRDA:100,7,0,1
BRDA:100,7,1,1
BRF:15
BRH:12
end_of_record
TN:
SF:src/commands/index.ts
FN:1,(anonymous_0)
FNF:1
FNH:0
FNDA:0,(anonymous_0)
DA:1,0
LF:1
LH:0
BRF:0
BRH:0
end_of_record
TN:
SF:src/utils/constants.ts
FNF:0
FNH:0
DA:1,1
DA:2,1
DA:3,1
DA:5,1
DA:7,1
LF:5
LH:5
BRF:0
BRH:0
end_of_record
TN:
SF:src/utils/getCustomConfiguration.ts
FN:9,(anonymous_0)
FNF:1
FNH:1
FNDA:2,(anonymous_0)
DA:1,1
DA:2,1
DA:3,1
DA:5,1
DA:9,1
DA:10,2
DA:12,2
DA:13,2
DA:14,2
DA:15,2
DA:16,0
DA:17,0
DA:19,2
DA:20,2
DA:23,0
LF:15
LH:12
BRDA:15,0,0,0
BRDA:15,0,1,2
BRDA:15,1,0,2
BRDA:15,1,1,0
BRDA:15,2,0,2
BRDA:15,2,1,0
BRDA:15,3,0,2
BRDA:15,3,1,2
BRF:8
BRH:5
end_of_record
TN:
SF:src/utils/getGlobalOptions.ts
FN:6,(anonymous_0)
FN:8,(anonymous_1)
FN:22,(anonymous_2)
FNF:3
FNH:3
FNDA:2,(anonymous_0)
FNDA:2,(anonymous_1)
FNDA:2,(anonymous_2)
DA:1,1
DA:6,2
DA:8,1
DA:16,2
DA:19,2
DA:22,1
DA:24,2
DA:26,2
DA:27,2
DA:29,2
LF:10
LH:10
BRDA:6,0,0,0
BRDA:6,0,1,2
BRDA:6,1,0,2
BRDA:6,1,1,0
BRDA:13,2,0,2
BRDA:14,3,0,2
BRF:6
BRH:4
end_of_record
